<?xml version="1.0" encoding="UTF-8"?>
<!-- Generated by org.testng.reporters.JUnitXMLReporter -->
<testsuite hostname="DESKTOP-NEQQNR3" ignored="0" name="Test" tests="3" failures="0" timestamp="07 Jan 2022 08:40:12 GMT" time="44.726" errors="0">
  <testcase name="chromeLaunch" time="13.471" classname="com.frametestng.ClassA"/>
  <testcase name="edgeBrowser" time="19.064" classname="com.frametestng.ClassB"/>
  <testcase name="fireFoxBrowser" time="12.096" classname="com.frametestng.ClassC"/>
</testsuite> <!-- Test -->
